#
# There is insufficient memory for the Java Runtime Environment to continue.
# Native memory allocation (malloc) failed to allocate 1048576 bytes for AllocateHeap
# Possible reasons:
#   The system is out of physical RAM or swap space
#   In 32 bit mode, the process size limit was hit
# Possible solutions:
#   Reduce memory load on the system
#   Increase physical memory or swap space
#   Check if swap backing store is full
#   Use 64 bit Java on a 64 bit OS
#   Decrease Java heap size (-Xmx/-Xms)
#   Decrease number of Java threads
#   Decrease Java thread stack sizes (-Xss)
#   Set larger code cache with -XX:ReservedCodeCacheSize=
# This output file may be truncated or incomplete.
#
#  Out of Memory Error (memory/allocation.inline.hpp:61), pid=1348, tid=9300
#
# JRE version:  (8.0_45-b14) (build )
# Java VM: Java HotSpot(TM) 64-Bit Server VM (25.45-b02 mixed mode windows-amd64 compressed oops)
# Failed to write core dump. Minidumps are not enabled by default on client versions of Windows
#

---------------  T H R E A D  ---------------

Current thread (0x00000000001ef000):  JavaThread "Unknown thread" [_thread_in_vm, id=9300, stack(0x0000000002420000,0x0000000002520000)]

Stack: [0x0000000002420000,0x0000000002520000]
Native frames: (J=compiled Java code, j=interpreted, Vv=VM code, C=native code)
V  [jvm.dll+0x32b57a]
V  [jvm.dll+0x279873]
V  [jvm.dll+0x27a509]
V  [jvm.dll+0x271825]
V  [jvm.dll+0x1606]
V  [jvm.dll+0x270892]
V  [jvm.dll+0x3eee4a]
V  [jvm.dll+0x3ea7a7]
V  [jvm.dll+0xf2cf2]
V  [jvm.dll+0x20f0c9]
V  [jvm.dll+0x240e0a]
V  [jvm.dll+0x15ba41]
C  [javaw.exe+0x217e]
C  [javaw.exe+0xcd17]
C  [javaw.exe+0xcdab]
C  [kernel32.dll+0x159dd]
C  [ntdll.dll+0x2a631]


---------------  P R O C E S S  ---------------

Java Threads: ( => current thread )

Other Threads:

=>0x00000000001ef000 (exited) JavaThread "Unknown thread" [_thread_in_vm, id=9300, stack(0x0000000002420000,0x0000000002520000)]

VM state:not at safepoint (normal execution)

VM Mutex/Monitor currently owned by a thread: None

Heap:
 PSYoungGen      total 38400K, used 665K [0x00000000d5d80000, 0x00000000d8800000, 0x0000000100000000)
  eden space 33280K, 2% used [0x00000000d5d80000,0x00000000d5e26670,0x00000000d7e00000)
  from space 5120K, 0% used [0x00000000d8300000,0x00000000d8300000,0x00000000d8800000)
  to   space 5120K, 0% used [0x00000000d7e00000,0x00000000d7e00000,0x00000000d8300000)
 ParOldGen       total 87552K, used 0K [0x0000000081800000, 0x0000000086d80000, 0x00000000d5d80000)
  object space 87552K, 0% used [0x0000000081800000,0x0000000081800000,0x0000000086d80000)
 Metaspace       used 742K, capacity 4480K, committed 4480K, reserved 1056768K
  class space    used 75K, capacity 384K, committed 384K, reserved 1048576K

Card table byte_map: [0x0000000011bb0000,0x0000000011fb0000] byte_map_base: 0x00000000117a4000

Marking Bits: (ParMarkBitMap*) 0x000000006fcd4040
 Begin Bits: [0x0000000012970000, 0x0000000014910000)
 End Bits:   [0x0000000014910000, 0x00000000168b0000)

Polling page: 0x0000000000240000

CodeCache: size=245760Kb used=328Kb max_used=328Kb free=245431Kb
 bounds [0x00000000027f0000, 0x0000000002a60000, 0x00000000117f0000]
 total_blobs=57 nmethods=0 adapters=37
 compilation: enabled

Compilation events (0 events):
No events

GC Heap History (0 events):
No events

Deoptimization events (0 events):
No events

Internal exceptions (0 events):
No events

Events (10 events):
Event: 0.043 loading class java/lang/Short
Event: 0.043 loading class java/lang/Short done
Event: 0.043 loading class java/lang/Integer
Event: 0.044 loading class java/lang/Integer done
Event: 0.044 loading class java/lang/Long
Event: 0.044 loading class java/lang/Long done
Event: 0.044 loading class java/lang/NullPointerException
Event: 0.044 loading class java/lang/NullPointerException done
Event: 0.044 loading class java/lang/ArithmeticException
Event: 0.044 loading class java/lang/ArithmeticException done


Dynamic libraries:
0x000000013ff50000 - 0x000000013ff87000 	C:\Program Files\Java\jre1.8.0_45\bin\javaw.exe
0x0000000077500000 - 0x00000000776a9000 	C:\Windows\SYSTEM32\ntdll.dll
0x00000000773e0000 - 0x00000000774ff000 	C:\Windows\system32\kernel32.dll
0x000007fefd4c0000 - 0x000007fefd52b000 	C:\Windows\system32\KERNELBASE.dll
0x000007fefefb0000 - 0x000007feff08b000 	C:\Windows\system32\ADVAPI32.dll
0x000007fefd670000 - 0x000007fefd70f000 	C:\Windows\system32\msvcrt.dll
0x000007fefde70000 - 0x000007fefde8f000 	C:\Windows\SYSTEM32\sechost.dll
0x000007fefd710000 - 0x000007fefd83d000 	C:\Windows\system32\RPCRT4.dll
0x00000000772e0000 - 0x00000000773da000 	C:\Windows\system32\USER32.dll
0x000007fefdce0000 - 0x000007fefdd47000 	C:\Windows\system32\GDI32.dll
0x000007fefde60000 - 0x000007fefde6e000 	C:\Windows\system32\LPK.dll
0x000007feff4e0000 - 0x000007feff5a9000 	C:\Windows\system32\USP10.dll
0x000007fef9900000 - 0x000007fef9af4000 	C:\Windows\WinSxS\amd64_microsoft.windows.common-controls_6595b64144ccf1df_6.0.7601.18837_none_fa3b1e3d17594757\COMCTL32.dll
0x000007feff090000 - 0x000007feff101000 	C:\Windows\system32\SHLWAPI.dll
0x000007feff430000 - 0x000007feff45e000 	C:\Windows\system32\IMM32.DLL
0x000007fefdd50000 - 0x000007fefde59000 	C:\Windows\system32\MSCTF.dll
0x0000000078fc0000 - 0x0000000079092000 	C:\Program Files\Java\jre1.8.0_45\bin\msvcr100.dll
0x000000006f4d0000 - 0x000000006fd53000 	C:\Program Files\Java\jre1.8.0_45\bin\server\jvm.dll
0x000007fef37d0000 - 0x000007fef37d9000 	C:\Windows\system32\WSOCK32.dll
0x000007feff110000 - 0x000007feff15d000 	C:\Windows\system32\WS2_32.dll
0x000007fefdf30000 - 0x000007fefdf38000 	C:\Windows\system32\NSI.dll
0x000007fef8fa0000 - 0x000007fef8fdb000 	C:\Windows\system32\WINMM.dll
0x000007fef9df0000 - 0x000007fef9dfc000 	C:\Windows\system32\VERSION.dll
0x00000000776d0000 - 0x00000000776d7000 	C:\Windows\system32\PSAPI.DLL
0x000000006cd90000 - 0x000000006cd9f000 	C:\Program Files\Java\jre1.8.0_45\bin\verify.dll
0x0000000052260000 - 0x0000000052289000 	C:\Program Files\Java\jre1.8.0_45\bin\java.dll
0x0000000051510000 - 0x0000000051526000 	C:\Program Files\Java\jre1.8.0_45\bin\zip.dll
0x000007fee5800000 - 0x000007fee5925000 	C:\Windows\system32\dbghelp.dll

VM Arguments:
jvm_args: -Dfile.encoding=Cp1252 
java_command: bft_log.query.QueryClient 1005
java_class_path (initial): C:\Users\BortolameottiR\workspace\bft_log\bin;D:\Profiles\BortolameottiR\Desktop\My Distributed System\Implementation\library-BFT-SMaRt-v1.0-beta\library-BFT-SMaRt-v1.0-beta\lib\commons-codec-1.5.jar;D:\Profiles\BortolameottiR\Desktop\My Distributed System\Implementation\library-BFT-SMaRt-v1.0-beta\library-BFT-SMaRt-v1.0-beta\lib\core-0.1.4.jar;D:\Profiles\BortolameottiR\Desktop\My Distributed System\Implementation\library-BFT-SMaRt-v1.0-beta\library-BFT-SMaRt-v1.0-beta\lib\netty-all-4.0.25.Final.jar;D:\Profiles\BortolameottiR\Desktop\My Distributed System\Implementation\library-BFT-SMaRt-v1.0-beta\library-BFT-SMaRt-v1.0-beta\lib\slf4j-jdk14-1.5.8.jar;C:\Users\BortolameottiR\workspace\bft_log\lib\bcprov-jdk16-146.jar;C:\Users\BortolameottiR\workspace\bft_log\lib\commons-exec-1.3.jar;C:\Users\BortolameottiR\workspace\bft_log\lib\Scapi-2.4.jar;D:\Profiles\BortolameottiR\Desktop\My Distributed System\Implementation\library-BFT-SMaRt-v1.0-beta\library-BFT-SMaRt-v1.0-beta\bin\BFT-SMaRt.jar;D:\Profiles\BortolameottiR\Desktop\My Distributed System\Implementation\library-BFT-SMaRt-v1.0-beta\library-BFT-SMaRt-v1.0-beta\lib\slf4j-api-1.5.8.jar
Launcher Type: SUN_STANDARD

Environment Variables:



---------------  S Y S T E M  ---------------

OS: Windows 7 , 64 bit Build 7601 (6.1.7601.23153)

CPU:total 4 (2 cores per cpu, 2 threads per core) family 6 model 69 stepping 1, cmov, cx8, fxsr, mmx, sse, sse2, sse3, ssse3, sse4.1, sse4.2, popcnt, avx, avx2, aes, clmul, erms, lzcnt, ht, tsc, tscinvbit, bmi1, bmi2

Memory: 4k page, physical 8283248k(2192492k free), swap 8281392k(3776k free)

vm_info: Java HotSpot(TM) 64-Bit Server VM (25.45-b02) for windows-amd64 JRE (1.8.0_45-b14), built on Apr 10 2015 10:34:15 by "java_re" with MS VC++ 10.0 (VS2010)

time: Fri Oct 23 13:16:07 2015
elapsed time: 0 seconds (0d 0h 0m 0s)

